<?xml version="1.0" encoding="UTF-8"?>
<testng-results ignored="0" total="1" passed="1" failed="0" skipped="0">
  <reporter-output>
  </reporter-output>
  <suite started-at="2023-09-28T18:38:04 IST" name="Default suite" finished-at="2023-09-28T18:38:21 IST" duration-ms="17043">
    <groups>
    </groups>
    <test started-at="2023-09-28T18:38:04 IST" name="Default test" finished-at="2023-09-28T18:38:21 IST" duration-ms="17043">
      <class name="Testprojectclass.Testingclass">
        <test-method is-config="true" signature="setUp()[pri:0, instance:Testprojectclass.Testingclass@71a8adcf]" started-at="2023-09-28T18:38:04 IST" name="setUp" finished-at="2023-09-28T18:38:08 IST" duration-ms="4082" status="PASS">
          <reporter-output>
          </reporter-output>
        </test-method> <!-- setUp -->
        <test-method is-config="true" signature="url()[pri:0, instance:Testprojectclass.Testingclass@71a8adcf]" started-at="2023-09-28T18:38:08 IST" name="url" finished-at="2023-09-28T18:38:15 IST" duration-ms="6835" status="PASS">
          <reporter-output>
          </reporter-output>
        </test-method> <!-- url -->
        <test-method signature="verifyLoginWithValidCred()[pri:0, instance:Testprojectclass.Testingclass@71a8adcf]" started-at="2023-09-28T18:38:15 IST" name="verifyLoginWithValidCred" finished-at="2023-09-28T18:38:21 IST" duration-ms="6081" status="PASS">
          <reporter-output>
          </reporter-output>
        </test-method> <!-- verifyLoginWithValidCred -->
      </class> <!-- Testprojectclass.Testingclass -->
    </test> <!-- Default test -->
  </suite> <!-- Default suite -->
</testng-results>
